--- RUN 2026-03-06T09:55:46.619Z ---
C:\Program Files\nodejs\node.exe
d:\GitHub\figarist.github.io\.frontmatter\scripts\auto-permalink.js
d:\GitHub\figarist.github.io
d:\GitHub\figarist.github.io\_posts\2026-03-06-how-to-make-a-game.md
{"layout":"post","title":"HOW TO MAKE A GAME","description":"","date":"2026-03-06T09:53:48.933Z","lang":"uk","permalink":"/uk/blog/how-to-make-a-game/","excerpt":"","category":"","author":"ihor","image":"","categories":[],"tags":[],"published":true,"lastmod":null,"fmContentType":"Post"}

--- RUN 2026-03-06T09:55:54.349Z ---
C:\Program Files\nodejs\node.exe
d:\GitHub\figarist.github.io\.frontmatter\scripts\auto-permalink.js
d:\GitHub\figarist.github.io
d:\GitHub\figarist.github.io\_posts\2026-03-06-how-to-make-a-game.md
{"layout":"post","title":"HOW TO MAKE A GAME","description":"","date":"2026-03-06T09:53:48.933Z","lang":"uk","permalink":"/uk/blog/how-to-make-a-game/","excerpt":"","category":"","author":"ihor","image":"","categories":[],"tags":[],"published":true,"lastmod":null,"fmContentType":"Post"}

--- RUN 2026-03-06T09:55:55.972Z ---
C:\Program Files\nodejs\node.exe
d:\GitHub\figarist.github.io\.frontmatter\scripts\auto-permalink.js
d:\GitHub\figarist.github.io
d:\GitHub\figarist.github.io\_posts\2026-03-06-how-to-make-a-game.md
{"layout":"post","title":"HOW TO MAKE A GAME","description":"","date":"2026-03-06T09:53:48.933Z","lang":"uk","permalink":"/uk/blog/how-to-make-a-game/","excerpt":"","category":"","author":"ihor","image":"","categories":[],"tags":[],"published":true,"lastmod":null,"fmContentType":"Post"}

--- RUN 2026-03-06T09:56:01.512Z ---
C:\Program Files\nodejs\node.exe
d:\GitHub\figarist.github.io\.frontmatter\scripts\auto-permalink.js
d:\GitHub\figarist.github.io
d:\GitHub\figarist.github.io\_posts\2026-03-06-how-to-make-a-game.md
{"layout":"post","title":"HOW TO MAKE A GAME","description":"","date":"2026-03-06T09:53:48.933Z","lang":"uk","permalink":"","excerpt":"","category":"","author":"ihor","image":"","categories":[],"tags":[],"published":true,"lastmod":null,"fmContentType":"Post"}

--- RUN 2026-03-06T09:56:04.432Z ---
C:\Program Files\nodejs\node.exe
d:\GitHub\figarist.github.io\.frontmatter\scripts\auto-permalink.js
d:\GitHub\figarist.github.io
d:\GitHub\figarist.github.io\_posts\2026-03-06-how-to-make-a-game.md
{"layout":"post","title":"HOW TO MAKE A GAME","description":"","date":"2026-03-06T09:53:48.933Z","lang":"uk","permalink":"","excerpt":"","category":"","author":"ihor","image":"","categories":[],"tags":[],"published":true,"lastmod":null,"fmContentType":"Post"}

--- RUN 2026-03-06T09:56:16.220Z ---
C:\Program Files\nodejs\node.exe
d:\GitHub\figarist.github.io\.frontmatter\scripts\auto-permalink.js
d:\GitHub\figarist.github.io
d:\GitHub\figarist.github.io\_posts\2026-03-06-how-to-make-a-game.md
{"layout":"post","title":"HOW TO MAKE A GAME","description":"","date":"2026-03-06T09:53:48.933Z","lang":"uk","permalink":"/uk/blog/how-to-make-a-game/","excerpt":"","category":"","author":"ihor","image":"","categories":[],"tags":[],"published":true,"lastmod":null,"fmContentType":"Post"}

--- RUN 2026-03-06T09:56:24.724Z ---
C:\Program Files\nodejs\node.exe
d:\GitHub\figarist.github.io\.frontmatter\scripts\auto-permalink.js
d:\GitHub\figarist.github.io
d:\GitHub\figarist.github.io\_posts\2026-03-06-how-to-make-a-game.md
{"layout":"post","title":"HOW TO MAKE A GAME","description":"","date":"2026-03-06T09:53:48.933Z","lang":"uk","excerpt":"","category":"","author":"ihor","image":"","categories":[],"tags":[],"published":true,"lastmod":"2026-03-06T09:56:21.157Z","fmContentType":"Post"}

--- RUN 2026-03-06T09:56:26.126Z ---
C:\Program Files\nodejs\node.exe
d:\GitHub\figarist.github.io\.frontmatter\scripts\auto-permalink.js
d:\GitHub\figarist.github.io
d:\GitHub\figarist.github.io\_posts\2026-03-06-how-to-make-a-game.md
{"layout":"post","title":"HOW TO MAKE A GAME","description":"","date":"2026-03-06T09:53:48.933Z","lang":"uk","excerpt":"","category":"","author":"ihor","image":"","categories":[],"tags":[],"published":true,"lastmod":"2026-03-06T09:56:21.157Z","fmContentType":"Post"}

--- RUN 2026-03-06T09:56:27.402Z ---
C:\Program Files\nodejs\node.exe
d:\GitHub\figarist.github.io\.frontmatter\scripts\auto-permalink.js
d:\GitHub\figarist.github.io
d:\GitHub\figarist.github.io\_posts\2026-03-06-how-to-make-a-game.md
{"layout":"post","title":"HOW TO MAKE A GAME","description":"","date":"2026-03-06T09:53:48.933Z","lang":"uk","excerpt":"","category":"","author":"ihor","image":"","categories":[],"tags":[],"published":true,"lastmod":"2026-03-06T09:56:21.157Z","fmContentType":"Post"}

--- RUN 2026-03-06T09:56:28.717Z ---
C:\Program Files\nodejs\node.exe
d:\GitHub\figarist.github.io\.frontmatter\scripts\auto-permalink.js
d:\GitHub\figarist.github.io
d:\GitHub\figarist.github.io\_posts\2026-03-06-how-to-make-a-game.md
{"layout":"post","title":"HOW TO MAKE A GAME","description":"","date":"2026-03-06T09:53:48.933Z","lang":"uk","excerpt":"","category":"","author":"ihor","image":"","categories":[],"tags":[],"published":true,"lastmod":"2026-03-06T09:56:21.157Z","fmContentType":"Post"}

--- RUN 2026-03-06T09:56:40.557Z ---
C:\Program Files\nodejs\node.exe
d:\GitHub\figarist.github.io\.frontmatter\scripts\auto-permalink.js
d:\GitHub\figarist.github.io
d:\GitHub\figarist.github.io\_posts\2026-03-06-how-to-make-a-game.md
{"layout":"post","title":"HOW TO MAKE A GAME","description":"","date":"2026-03-06T09:53:48.933Z","lang":"uk","permalink":"","excerpt":"","category":"","author":"ihor","image":"","categories":[],"tags":[],"published":true,"lastmod":"2026-03-06T09:56:35.588Z","fmContentType":"Post"}

--- RUN 2026-03-06T09:56:52.220Z ---
C:\Program Files\nodejs\node.exe
d:\GitHub\figarist.github.io\.frontmatter\scripts\auto-permalink.js
d:\GitHub\figarist.github.io
d:\GitHub\figarist.github.io\_posts\2026-03-06-how-to-make-a-game.md
{"layout":"post","title":"HOW TO MAKE A GAME","description":"","date":"2026-03-06T09:53:48.933Z","lang":"uk","permalink":"","excerpt":"","category":"","author":"ihor","image":"","categories":[],"tags":[],"published":true,"lastmod":"2026-03-06T09:56:35.588Z","fmContentType":"Post"}

--- RUN 2026-03-06T09:56:53.968Z ---
C:\Program Files\nodejs\node.exe
d:\GitHub\figarist.github.io\.frontmatter\scripts\auto-permalink.js
d:\GitHub\figarist.github.io
d:\GitHub\figarist.github.io\_posts\2026-03-06-how-to-make-a-game.md
{"layout":"post","title":"HOW TO MAKE A GAME","description":"","date":"2026-03-06T09:53:48.933Z","lang":"uk","permalink":"","excerpt":"","category":"","author":"ihor","image":"","categories":[],"tags":[],"published":true,"lastmod":"2026-03-06T09:56:35.588Z","fmContentType":"Post"}

--- RUN 2026-03-06T09:56:56.539Z ---
C:\Program Files\nodejs\node.exe
d:\GitHub\figarist.github.io\.frontmatter\scripts\auto-permalink.js
d:\GitHub\figarist.github.io
d:\GitHub\figarist.github.io\_posts\2026-03-06-how-to-make-a-game.md
{"layout":"post","title":"HOW TO MAKE A GAME","description":"","date":"2026-03-06T09:53:48.933Z","lang":"uk","permalink":"","excerpt":"","category":"","author":"ihor","image":"","categories":[],"tags":[],"published":true,"lastmod":"2026-03-06T09:56:35.588Z","fmContentType":"Post"}

--- RUN 2026-03-06T09:56:58.354Z ---
C:\Program Files\nodejs\node.exe
d:\GitHub\figarist.github.io\.frontmatter\scripts\auto-permalink.js
d:\GitHub\figarist.github.io
d:\GitHub\figarist.github.io\_posts\2026-03-06-how-to-make-a-game.md
{"layout":"post","title":"HOW TO MAKE A GAME","description":"","date":"2026-03-06T09:53:48.933Z","lang":"uk","permalink":"","excerpt":"","category":"","author":"ihor","image":"","categories":[],"tags":[],"published":true,"lastmod":"2026-03-06T09:56:35.588Z","fmContentType":"Post"}

--- RUN 2026-03-06T09:57:51.646Z ---
C:\Program Files\nodejs\node.exe
D:\GitHub\figarist.github.io\.frontmatter\scripts\auto-permalink.js
d:\GitHub\figarist.github.io
d:\GitHub\figarist.github.io\_posts\2026-03-06-how-to-make-a-game.md
{\
layout\:\post\}

--- RUN 2026-03-06T09:58:29.180Z ---
C:\Program Files\nodejs\node.exe
d:\GitHub\figarist.github.io\.frontmatter\scripts\auto-permalink.js
d:\GitHub\figarist.github.io
d:\GitHub\figarist.github.io\_posts\2026-03-06-how-to-make-a-game.md
{"layout":"post","title":"HOW TO MAKE A GAME","description":"","date":"2026-03-06T09:53:48.933Z","lang":"uk","permalink":null,"excerpt":"","category":"","author":"ihor","image":"","categories":[],"tags":[],"published":true,"lastmod":"2026-03-06T09:58:28.263Z","fmContentType":"Post"}

--- RUN 2026-03-06T09:58:30.326Z ---
C:\Program Files\nodejs\node.exe
d:\GitHub\figarist.github.io\.frontmatter\scripts\auto-permalink.js
d:\GitHub\figarist.github.io
d:\GitHub\figarist.github.io\_posts\2026-03-06-how-to-make-a-game.md
{"layout":"post","title":"HOW TO MAKE A GAME","description":"","date":"2026-03-06T09:53:48.933Z","lang":"uk","permalink":"/uk/blog/how-to-make-a-game/","excerpt":"","category":"","author":"ihor","image":"","categories":[],"tags":[],"published":true,"lastmod":"2026-03-06T09:58:28.263Z","fmContentType":"Post"}

--- RUN 2026-03-06T09:58:31.928Z ---
C:\Program Files\nodejs\node.exe
d:\GitHub\figarist.github.io\.frontmatter\scripts\auto-permalink.js
d:\GitHub\figarist.github.io
d:\GitHub\figarist.github.io\_posts\2026-03-06-how-to-make-a-game.md
{"layout":"post","title":"HOW TO MAKE A GAME","description":"","date":"2026-03-06T09:53:48.933Z","lang":"uk","permalink":"/uk/blog/how-to-make-a-game/","excerpt":"","category":"","author":"ihor","image":"","categories":[],"tags":[],"published":true,"lastmod":"2026-03-06T09:58:28.263Z","fmContentType":"Post"}

--- RUN 2026-03-06T10:08:12.459Z ---
C:\Program Files\nodejs\node.exe
d:\GitHub\figarist.github.io\.frontmatter\scripts\auto-permalink.js
d:\GitHub\figarist.github.io
d:\GitHub\figarist.github.io\_posts\2026-03-06-how-to-make-a-game.md
{"layout":"post","title":"how to make a game","description":"","date":"2026-03-06T10:08:10.617Z","lang":"uk","permalink":"","excerpt":"","category":"","author":"ihor","image":"","categories":[],"tags":[],"published":true,"lastmod":null,"fmContentType":"Post"}

